=== Pi Greenhouse System Log ===
[01.16.2026 00:47:45] [INFO] [Main] System startup
[01.16.2026 00:47:45] [INFO] [DHTLogger] Initialized: /sd/dht_log.csv
[01.16.2026 00:47:45] [INFO] [FanControl] Initialized: pin=16, on=20s, period=1800s
[01.16.2026 00:47:45] [INFO] [FanControl] Cycle 1: Relay ON (20s)
[01.16.2026 00:47:45] [INFO] [Growlight] Initialized: pin=17, dawn=(6, 0), sunset=(22, 0)
[01.16.2026 00:47:45] [INFO] [Growlight] OFF at (0, 47)
[01.16.2026 00:47:46] [WARN] [DHTLogger] Read attempt 1/3 failed: [Errno 110] ETIMEDOUT
[01.16.2026 00:47:47] [WARN] [DHTLogger] Read attempt 2/3 failed: [Errno 110] ETIMEDOUT
[01.16.2026 00:52:13] [INFO] [Main] System startup
[01.16.2026 00:52:13] [INFO] [DHTLogger] Created CSV file: /sd/dht_log.csv
[01.16.2026 00:52:13] [INFO] [DHTLogger] Initialized: /sd/dht_log.csv
[01.16.2026 00:52:13] [INFO] [FanControl] Initialized: pin=16, on=20s, period=1800s
[01.16.2026 00:52:13] [INFO] [FanControl] Cycle 1: Relay ON (20s)
[01.16.2026 00:52:43] [INFO] [Main] System startup
[01.16.2026 00:52:43] [INFO] [DHTLogger] Initialized: /sd/dht_log.csv
[01.16.2026 00:52:43] [INFO] [FanControl] Initialized: pin=16, on=20s, period=1800s
[01.16.2026 00:52:43] [INFO] [FanControl] Cycle 1: Relay ON (20s)
[01.16.2026 00:52:43] [INFO] [Growlight] Initialized: pin=17, dawn=(6, 0), sunset=(22, 0)
[01.16.2026 08:56:50] [INFO] [Main] System startup
[01.16.2026 08:56:50] [INFO] [DHTLogger] Initialized: /sd/dht_log.csv
[01.16.2026 08:56:50] [INFO] [FanControl] Initialized: pin=16, on=20s, period=1800s
[01.16.2026 08:56:50] [INFO] [FanControl] Cycle 1: Relay ON (20s)
[01.16.2026 08:56:50] [INFO] [Growlight] Initialized: pin=17, dawn=(6, 0), sunset=(22, 0)
[01.16.2026 08:56:51] [INFO] [Growlight] ON at (8, 56)
[01.16.2026 08:56:51] [INFO] [DHTLogger] Logged: 2026-01-16 08:56:51, 23.1C, 57.7%
[01.16.2026 08:57:10] [INFO] [FanControl] Cycle 1: Relay OFF (1780s)
[01.16.2026 08:57:22] [INFO] [DHTLogger] Logged: 2026-01-16 08:57:22, 23.2C, 57.600004%
[01.16.2026 08:57:53] [INFO] [DHTLogger] Logged: 2026-01-16 08:57:53, 23.2C, 57.4%
[01.16.2026 08:58:24] [INFO] [DHTLogger] Logged: 2026-01-16 08:58:24, 23.2C, 57.3%
[01.16.2026 08:58:55] [INFO] [DHTLogger] Logged: 2026-01-16 08:58:55, 23.2C, 57.3%
[01.16.2026 08:59:26] [INFO] [DHTLogger] Logged: 2026-01-16 08:59:26, 23.2C, 57.2%
[01.16.2026 08:59:57] [INFO] [DHTLogger] Logged: 2026-01-16 08:59:57, 23.2C, 57.2%
[01.16.2026 09:00:28] [INFO] [DHTLogger] Logged: 2026-01-16 09:00:28, 23.300002C, 57.2%
[01.16.2026 09:00:59] [INFO] [DHTLogger] Logged: 2026-01-16 09:00:59, 23.300002C, 57.2%
[01.16.2026 09:01:30] [INFO] [DHTLogger] Logged: 2026-01-16 09:01:30, 23.300002C, 57.2%
[01.16.2026 09:02:01] [INFO] [DHTLogger] Logged: 2026-01-16 09:02:01, 23.300002C, 57.2%
[01.16.2026 09:02:32] [INFO] [DHTLogger] Logged: 2026-01-16 09:02:31, 23.300002C, 57.2%
[01.16.2026 09:03:02] [INFO] [DHTLogger] Logged: 2026-01-16 09:03:02, 23.300002C, 57.100004%
[01.16.2026 09:03:33] [INFO] [DHTLogger] Logged: 2026-01-16 09:03:33, 23.300002C, 57.100004%
[01.16.2026 09:04:04] [INFO] [DHTLogger] Logged: 2026-01-16 09:04:04, 23.300002C, 57.100004%
[01.16.2026 09:04:35] [INFO] [DHTLogger] Logged: 2026-01-16 09:04:35, 23.300002C, 57.100004%
[01.16.2026 09:05:06] [INFO] [DHTLogger] Logged: 2026-01-16 09:05:06, 23.300002C, 57.100004%
[01.16.2026 09:05:37] [INFO] [DHTLogger] Logged: 2026-01-16 09:05:37, 23.300002C, 57.100004%
[01.16.2026 10:24:36] [INFO] [Main] System startup
[01.16.2026 10:24:36] [INFO] [DHTLogger] Initialized: /sd/dht_log.csv
[01.16.2026 10:24:36] [INFO] [FanControl] Initialized: pin=16, on=20s, period=1800s
[01.16.2026 10:24:36] [INFO] [FanControl] Cycle 1: Relay ON (20s)
[01.16.2026 10:24:36] [INFO] [Growlight] Initialized: pin=17, dawn=(6, 0), sunset=(22, 0)
[01.16.2026 10:24:36] [INFO] [Growlight] ON at (10, 24)
[01.16.2026 10:24:37] [INFO] [DHTLogger] Logged: 2026-01-16 10:24:37, 22.1C, 99.9%
[01.16.2026 10:24:56] [INFO] [FanControl] Cycle 1: Relay OFF (1780s)
[01.16.2026 10:25:08] [INFO] [DHTLogger] Logged: 2026-01-16 10:25:08, 22.2C, 99.9%
[01.16.2026 10:25:39] [INFO] [DHTLogger] Logged: 2026-01-16 10:25:39, 22.300002C, 99.9%
[01.16.2026 10:26:10] [INFO] [DHTLogger] Logged: 2026-01-16 10:26:10, 22.4C, 99.9%
[01.16.2026 10:26:41] [INFO] [DHTLogger] Logged: 2026-01-16 10:26:41, 22.5C, 99.9%
[01.16.2026 10:27:12] [INFO] [DHTLogger] Logged: 2026-01-16 10:27:12, 22.5C, 99.9%
[01.16.2026 10:27:43] [INFO] [DHTLogger] Logged: 2026-01-16 10:27:43, 22.4C, 99.9%
[01.16.2026 10:28:14] [INFO] [DHTLogger] Logged: 2026-01-16 10:28:14, 22.5C, 99.9%
[01.16.2026 10:28:45] [INFO] [DHTLogger] Logged: 2026-01-16 10:28:45, 22.5C, 99.9%
[01.16.2026 10:29:16] [INFO] [DHTLogger] Logged: 2026-01-16 10:29:15, 22.6C, 99.9%
[01.16.2026 10:29:46] [INFO] [DHTLogger] Logged: 2026-01-16 10:29:46, 22.6C, 99.9%
[01.16.2026 10:30:17] [INFO] [DHTLogger] Logged: 2026-01-16 10:30:17, 22.7C, 99.9%
[01.16.2026 10:30:48] [INFO] [DHTLogger] Logged: 2026-01-16 10:30:48, 22.7C, 99.9%
[01.16.2026 10:31:19] [INFO] [DHTLogger] Logged: 2026-01-16 10:31:19, 22.800002C, 99.9%
[01.16.2026 10:31:50] [INFO] [DHTLogger] Logged: 2026-01-16 10:31:50, 22.800002C, 99.9%
[01.16.2026 10:32:21] [INFO] [DHTLogger] Logged: 2026-01-16 10:32:21, 22.9C, 99.9%
[01.16.2026 10:32:52] [INFO] [DHTLogger] Logged: 2026-01-16 10:32:52, 22.9C, 99.9%
[01.16.2026 10:33:23] [INFO] [DHTLogger] Logged: 2026-01-16 10:33:23, 22.9C, 99.9%
[01.16.2026 10:33:54] [INFO] [DHTLogger] Logged: 2026-01-16 10:33:54, 22.800002C, 99.9%
[01.16.2026 10:34:25] [INFO] [DHTLogger] Logged: 2026-01-16 10:34:25, 22.800002C, 99.9%
[01.16.2026 10:34:56] [INFO] [DHTLogger] Logged: 2026-01-16 10:34:56, 22.800002C, 99.9%
[01.16.2026 10:35:27] [INFO] [DHTLogger] Logged: 2026-01-16 10:35:27, 22.800002C, 99.9%
[01.16.2026 10:35:58] [INFO] [DHTLogger] Logged: 2026-01-16 10:35:57, 22.9C, 99.9%
[01.16.2026 10:36:28] [INFO] [DHTLogger] Logged: 2026-01-16 10:36:28, 22.9C, 99.9%
[01.16.2026 10:36:59] [INFO] [DHTLogger] Logged: 2026-01-16 10:36:59, 22.9C, 99.9%
[01.16.2026 10:37:30] [INFO] [DHTLogger] Logged: 2026-01-16 10:37:30, 22.9C, 99.9%
[01.16.2026 10:38:01] [INFO] [DHTLogger] Logged: 2026-01-16 10:38:01, 23.0C, 99.9%
[01.16.2026 10:38:32] [INFO] [DHTLogger] Logged: 2026-01-16 10:38:32, 23.0C, 99.9%
[01.16.2026 10:39:03] [INFO] [DHTLogger] Logged: 2026-01-16 10:39:03, 23.0C, 99.9%
[01.16.2026 10:39:34] [INFO] [DHTLogger] Logged: 2026-01-16 10:39:34, 23.0C, 99.9%
[01.16.2026 10:40:05] [INFO] [DHTLogger] Logged: 2026-01-16 10:40:05, 22.9C, 99.9%
[01.16.2026 10:40:36] [INFO] [DHTLogger] Logged: 2026-01-16 10:40:36, 22.800002C, 99.9%
[01.16.2026 10:41:07] [INFO] [DHTLogger] Logged: 2026-01-16 10:41:07, 22.800002C, 99.9%
[01.16.2026 10:48:03] [INFO] [Main] System startup
[01.16.2026 10:48:03] [INFO] [DHTLogger] Initialized: /sd/dht_log.csv
[01.16.2026 10:48:03] [INFO] [FanControl] Initialized: pin=16, on=20s, period=1800s
[01.16.2026 10:48:03] [INFO] [FanControl] Cycle 1: Relay ON (20s)
[01.16.2026 10:48:03] [INFO] [Growlight] Initialized: pin=17, dawn=(6, 0), sunset=(22, 0)
[01.16.2026 10:48:03] [INFO] [Growlight] ON at (10, 48)
[01.16.2026 10:48:04] [WARN] [DHTLogger] Read attempt 1/3 failed: [Errno 110] ETIMEDOUT
[01.16.2026 10:48:04] [WARN] [DHTLogger] Read attempt 2/3 failed: [Errno 110] ETIMEDOUT
[01.16.2026 10:55:51] [INFO] [Main] System startup
[01.16.2026 10:55:51] [INFO] [DHTLogger] Initialized: /sd/dht_log.csv (buffer_size=200)
[01.16.2026 10:55:51] [INFO] [FanControl] Initialized: pin=16, on=20s, period=1800s
[01.16.2026 10:55:51] [INFO] [FanControl] Cycle 1: Relay ON (20s)
[01.16.2026 10:55:51] [INFO] [Growlight] Initialized: pin=17, dawn=(6, 0), sunset=(22, 0)
